2021-04-04 01:21:26 [INFO ] com.example.lfcFan.LfcFanApplication - Starting LfcFanApplication using Java 14.0.2 on DESKTOP-27DGAKS with PID 26556 (C:\work\sts-4.8.0.RELEASE-workspace\lfcFan\target\classes started by pbk11 in C:\work\sts-4.8.0.RELEASE-workspace\lfcFan)
2021-04-04 01:21:26 [INFO ] com.example.lfcFan.LfcFanApplication - The following profiles are active: local
2021-04-04 01:21:26 [WARN ] o.s.b.c.config.ConfigDataEnvironment - Property 'spring.profiles' imported from location 'class path resource [application.yml]' is invalid and should be replaced with 'spring.config.activate.on-profile' [origin: class path resource [application.yml] - 30:13]
2021-04-04 01:21:26 [INFO ] o.s.b.d.e.DevToolsPropertyDefaultsPostProcessor - Devtools property defaults active! Set 'spring.devtools.add-properties' to 'false' to disable
2021-04-04 01:21:26 [INFO ] o.s.b.d.e.DevToolsPropertyDefaultsPostProcessor - For additional web related logging consider setting the 'logging.level.web' property to 'DEBUG'
2021-04-04 01:21:27 [INFO ] o.s.b.w.e.tomcat.TomcatWebServer - Tomcat initialized with port(s): 8095 (http)
2021-04-04 01:21:27 [INFO ] o.a.coyote.http11.Http11NioProtocol - Initializing ProtocolHandler ["http-nio-8095"]
2021-04-04 01:21:27 [INFO ] o.a.catalina.core.StandardService - Starting service [Tomcat]
2021-04-04 01:21:27 [INFO ] o.a.catalina.core.StandardEngine - Starting Servlet engine: [Apache Tomcat/9.0.44]
2021-04-04 01:21:28 [INFO ] org.apache.jasper.servlet.TldScanner - At least one JAR was scanned for TLDs yet contained no TLDs. Enable debug logging for this logger for a complete list of JARs that were scanned but no TLDs were found in them. Skipping unneeded JARs during scanning can improve startup time and JSP compilation time.
2021-04-04 01:21:28 [INFO ] o.a.c.c.C.[Tomcat].[localhost].[/] - Initializing Spring embedded WebApplicationContext
2021-04-04 01:21:28 [INFO ] o.s.b.w.s.c.ServletWebServerApplicationContext - Root WebApplicationContext: initialization completed in 1761 ms
2021-04-04 01:21:28 [INFO ] o.s.s.c.ThreadPoolTaskExecutor - Initializing ExecutorService 'applicationTaskExecutor'
2021-04-04 01:21:29 [INFO ] o.s.b.d.a.OptionalLiveReloadServer - LiveReload server is running on port 35729
2021-04-04 01:21:29 [INFO ] o.a.coyote.http11.Http11NioProtocol - Starting ProtocolHandler ["http-nio-8095"]
2021-04-04 01:21:29 [INFO ] o.s.b.w.e.tomcat.TomcatWebServer - Tomcat started on port(s): 8095 (http) with context path ''
2021-04-04 01:21:29 [INFO ] com.example.lfcFan.LfcFanApplication - Started LfcFanApplication in 3.3 seconds (JVM running for 4.558)
2021-04-04 01:21:29 [INFO ] o.a.c.c.C.[Tomcat].[localhost].[/] - Initializing Spring DispatcherServlet 'dispatcherServlet'
2021-04-04 01:21:29 [INFO ] o.s.web.servlet.DispatcherServlet - Initializing Servlet 'dispatcherServlet'
2021-04-04 01:21:29 [INFO ] o.s.web.servlet.DispatcherServlet - Completed initialization in 1 ms
2021-04-04 02:05:25 [INFO ] o.s.b.a.SpringApplicationAdminMXBeanRegistrar$SpringApplicationAdmin - Application shutdown requested.
2021-04-04 02:05:25 [INFO ] o.s.s.c.ThreadPoolTaskExecutor - Shutting down ExecutorService 'applicationTaskExecutor'
2021-04-04 02:05:34 [INFO ] com.example.lfcFan.LfcFanApplication - Starting LfcFanApplication using Java 14.0.2 on DESKTOP-27DGAKS with PID 12116 (C:\work\sts-4.8.0.RELEASE-workspace\lfcFan\target\classes started by pbk11 in C:\work\sts-4.8.0.RELEASE-workspace\lfcFan)
2021-04-04 02:05:34 [INFO ] com.example.lfcFan.LfcFanApplication - The following profiles are active: local
2021-04-04 02:05:34 [WARN ] o.s.b.c.config.ConfigDataEnvironment - Property 'spring.profiles' imported from location 'class path resource [application.yml]' is invalid and should be replaced with 'spring.config.activate.on-profile' [origin: class path resource [application.yml] - 30:13]
2021-04-04 02:05:34 [INFO ] o.s.b.d.e.DevToolsPropertyDefaultsPostProcessor - Devtools property defaults active! Set 'spring.devtools.add-properties' to 'false' to disable
2021-04-04 02:05:34 [INFO ] o.s.b.d.e.DevToolsPropertyDefaultsPostProcessor - For additional web related logging consider setting the 'logging.level.web' property to 'DEBUG'
2021-04-04 02:05:35 [INFO ] o.s.b.w.e.tomcat.TomcatWebServer - Tomcat initialized with port(s): 8095 (http)
2021-04-04 02:05:35 [INFO ] o.a.coyote.http11.Http11NioProtocol - Initializing ProtocolHandler ["http-nio-8095"]
2021-04-04 02:05:35 [INFO ] o.a.catalina.core.StandardService - Starting service [Tomcat]
2021-04-04 02:05:35 [INFO ] o.a.catalina.core.StandardEngine - Starting Servlet engine: [Apache Tomcat/9.0.44]
2021-04-04 02:05:35 [INFO ] org.apache.jasper.servlet.TldScanner - At least one JAR was scanned for TLDs yet contained no TLDs. Enable debug logging for this logger for a complete list of JARs that were scanned but no TLDs were found in them. Skipping unneeded JARs during scanning can improve startup time and JSP compilation time.
2021-04-04 02:05:35 [INFO ] o.a.c.c.C.[Tomcat].[localhost].[/] - Initializing Spring embedded WebApplicationContext
2021-04-04 02:05:35 [INFO ] o.s.b.w.s.c.ServletWebServerApplicationContext - Root WebApplicationContext: initialization completed in 1366 ms
2021-04-04 02:05:35 [INFO ] o.s.s.c.ThreadPoolTaskExecutor - Initializing ExecutorService 'applicationTaskExecutor'
2021-04-04 02:05:36 [INFO ] o.s.b.d.a.OptionalLiveReloadServer - LiveReload server is running on port 35729
2021-04-04 02:05:36 [INFO ] o.a.coyote.http11.Http11NioProtocol - Starting ProtocolHandler ["http-nio-8095"]
2021-04-04 02:05:36 [INFO ] o.s.b.w.e.tomcat.TomcatWebServer - Tomcat started on port(s): 8095 (http) with context path ''
2021-04-04 02:05:36 [INFO ] com.example.lfcFan.LfcFanApplication - Started LfcFanApplication in 2.561 seconds (JVM running for 3.566)
2021-04-04 02:05:36 [INFO ] o.a.c.c.C.[Tomcat].[localhost].[/] - Initializing Spring DispatcherServlet 'dispatcherServlet'
2021-04-04 02:05:36 [INFO ] o.s.web.servlet.DispatcherServlet - Initializing Servlet 'dispatcherServlet'
2021-04-04 02:05:36 [INFO ] o.s.web.servlet.DispatcherServlet - Completed initialization in 1 ms
2021-04-04 02:17:17 [INFO ] o.s.b.a.SpringApplicationAdminMXBeanRegistrar$SpringApplicationAdmin - Application shutdown requested.
2021-04-04 02:17:17 [INFO ] o.s.s.c.ThreadPoolTaskExecutor - Shutting down ExecutorService 'applicationTaskExecutor'
2021-04-04 02:18:34 [INFO ] com.example.lfcFan.LfcFanApplication - Starting LfcFanApplication using Java 14.0.2 on DESKTOP-27DGAKS with PID 11320 (C:\work\sts-4.8.0.RELEASE-workspace\lfcFan\target\classes started by pbk11 in C:\work\sts-4.8.0.RELEASE-workspace\lfcFan)
2021-04-04 02:18:34 [INFO ] com.example.lfcFan.LfcFanApplication - The following profiles are active: local
2021-04-04 02:18:34 [WARN ] o.s.b.c.config.ConfigDataEnvironment - Property 'spring.profiles' imported from location 'class path resource [application.yml]' is invalid and should be replaced with 'spring.config.activate.on-profile' [origin: class path resource [application.yml] - 30:13]
2021-04-04 02:18:34 [INFO ] o.s.b.d.e.DevToolsPropertyDefaultsPostProcessor - Devtools property defaults active! Set 'spring.devtools.add-properties' to 'false' to disable
2021-04-04 02:18:34 [INFO ] o.s.b.d.e.DevToolsPropertyDefaultsPostProcessor - For additional web related logging consider setting the 'logging.level.web' property to 'DEBUG'
2021-04-04 02:18:36 [INFO ] o.s.b.w.e.tomcat.TomcatWebServer - Tomcat initialized with port(s): 8095 (http)
2021-04-04 02:18:36 [INFO ] o.a.coyote.http11.Http11NioProtocol - Initializing ProtocolHandler ["http-nio-8095"]
2021-04-04 02:18:36 [INFO ] o.a.catalina.core.StandardService - Starting service [Tomcat]
2021-04-04 02:18:36 [INFO ] o.a.catalina.core.StandardEngine - Starting Servlet engine: [Apache Tomcat/9.0.44]
2021-04-04 02:18:36 [INFO ] org.apache.jasper.servlet.TldScanner - At least one JAR was scanned for TLDs yet contained no TLDs. Enable debug logging for this logger for a complete list of JARs that were scanned but no TLDs were found in them. Skipping unneeded JARs during scanning can improve startup time and JSP compilation time.
2021-04-04 02:18:36 [INFO ] o.a.c.c.C.[Tomcat].[localhost].[/] - Initializing Spring embedded WebApplicationContext
2021-04-04 02:18:36 [INFO ] o.s.b.w.s.c.ServletWebServerApplicationContext - Root WebApplicationContext: initialization completed in 1352 ms
2021-04-04 02:18:36 [INFO ] o.s.s.c.ThreadPoolTaskExecutor - Initializing ExecutorService 'applicationTaskExecutor'
2021-04-04 02:18:36 [INFO ] o.s.b.d.a.OptionalLiveReloadServer - LiveReload server is running on port 35729
2021-04-04 02:18:36 [INFO ] o.a.coyote.http11.Http11NioProtocol - Starting ProtocolHandler ["http-nio-8095"]
2021-04-04 02:18:36 [INFO ] o.s.b.w.e.tomcat.TomcatWebServer - Tomcat started on port(s): 8095 (http) with context path ''
2021-04-04 02:18:36 [INFO ] com.example.lfcFan.LfcFanApplication - Started LfcFanApplication in 2.63 seconds (JVM running for 4.305)
2021-04-04 02:19:10 [INFO ] o.a.c.c.C.[Tomcat].[localhost].[/] - Initializing Spring DispatcherServlet 'dispatcherServlet'
2021-04-04 02:19:10 [INFO ] o.s.web.servlet.DispatcherServlet - Initializing Servlet 'dispatcherServlet'
2021-04-04 02:19:10 [INFO ] o.s.web.servlet.DispatcherServlet - Completed initialization in 1 ms
2021-04-04 06:54:09 [WARN ] o.a.c.util.SessionIdGeneratorBase - Creation of SecureRandom instance for session ID generation using [SHA1PRNG] took [316] milliseconds.
2021-04-04 06:58:27 [INFO ] o.s.b.a.SpringApplicationAdminMXBeanRegistrar$SpringApplicationAdmin - Application shutdown requested.
2021-04-04 06:58:27 [INFO ] o.s.s.c.ThreadPoolTaskExecutor - Shutting down ExecutorService 'applicationTaskExecutor'
2021-04-04 22:27:04 [INFO ] com.example.lfcFan.LfcFanApplication - Starting LfcFanApplication using Java 14.0.2 on DESKTOP-27DGAKS with PID 912 (C:\work\sts-4.8.0.RELEASE-workspace\lfcFan\target\classes started by pbk11 in C:\work\sts-4.8.0.RELEASE-workspace\lfcFan)
2021-04-04 22:27:04 [INFO ] com.example.lfcFan.LfcFanApplication - The following profiles are active: local
2021-04-04 22:27:04 [WARN ] o.s.b.c.config.ConfigDataEnvironment - Property 'spring.profiles' imported from location 'class path resource [application.yml]' is invalid and should be replaced with 'spring.config.activate.on-profile' [origin: class path resource [application.yml] - 30:13]
2021-04-04 22:27:04 [INFO ] o.s.b.d.e.DevToolsPropertyDefaultsPostProcessor - Devtools property defaults active! Set 'spring.devtools.add-properties' to 'false' to disable
2021-04-04 22:27:04 [INFO ] o.s.b.d.e.DevToolsPropertyDefaultsPostProcessor - For additional web related logging consider setting the 'logging.level.web' property to 'DEBUG'
2021-04-04 22:27:05 [INFO ] o.s.b.w.e.tomcat.TomcatWebServer - Tomcat initialized with port(s): 8095 (http)
2021-04-04 22:27:05 [INFO ] o.a.coyote.http11.Http11NioProtocol - Initializing ProtocolHandler ["http-nio-8095"]
2021-04-04 22:27:05 [INFO ] o.a.catalina.core.StandardService - Starting service [Tomcat]
2021-04-04 22:27:05 [INFO ] o.a.catalina.core.StandardEngine - Starting Servlet engine: [Apache Tomcat/9.0.44]
2021-04-04 22:27:05 [INFO ] org.apache.jasper.servlet.TldScanner - At least one JAR was scanned for TLDs yet contained no TLDs. Enable debug logging for this logger for a complete list of JARs that were scanned but no TLDs were found in them. Skipping unneeded JARs during scanning can improve startup time and JSP compilation time.
2021-04-04 22:27:05 [INFO ] o.a.c.c.C.[Tomcat].[localhost].[/] - Initializing Spring embedded WebApplicationContext
2021-04-04 22:27:05 [INFO ] o.s.b.w.s.c.ServletWebServerApplicationContext - Root WebApplicationContext: initialization completed in 1318 ms
2021-04-04 22:27:06 [INFO ] o.s.s.c.ThreadPoolTaskExecutor - Initializing ExecutorService 'applicationTaskExecutor'
2021-04-04 22:27:06 [INFO ] o.s.b.d.a.OptionalLiveReloadServer - LiveReload server is running on port 35729
2021-04-04 22:27:06 [INFO ] o.a.coyote.http11.Http11NioProtocol - Starting ProtocolHandler ["http-nio-8095"]
2021-04-04 22:27:06 [INFO ] o.s.b.w.e.tomcat.TomcatWebServer - Tomcat started on port(s): 8095 (http) with context path ''
2021-04-04 22:27:06 [INFO ] com.example.lfcFan.LfcFanApplication - Started LfcFanApplication in 2.554 seconds (JVM running for 3.49)
2021-04-04 22:27:06 [INFO ] o.a.c.c.C.[Tomcat].[localhost].[/] - Initializing Spring DispatcherServlet 'dispatcherServlet'
2021-04-04 22:27:06 [INFO ] o.s.web.servlet.DispatcherServlet - Initializing Servlet 'dispatcherServlet'
2021-04-04 22:27:06 [INFO ] o.s.web.servlet.DispatcherServlet - Completed initialization in 0 ms
2021-04-04 22:32:14 [INFO ] o.s.s.c.ThreadPoolTaskExecutor - Shutting down ExecutorService 'applicationTaskExecutor'
2021-04-04 22:32:14 [INFO ] com.example.lfcFan.LfcFanApplication - Starting LfcFanApplication using Java 14.0.2 on DESKTOP-27DGAKS with PID 912 (C:\work\sts-4.8.0.RELEASE-workspace\lfcFan\target\classes started by pbk11 in C:\work\sts-4.8.0.RELEASE-workspace\lfcFan)
2021-04-04 22:32:14 [INFO ] com.example.lfcFan.LfcFanApplication - The following profiles are active: local
2021-04-04 22:32:14 [WARN ] o.s.b.c.config.ConfigDataEnvironment - Property 'spring.profiles' imported from location 'class path resource [application.yml]' is invalid and should be replaced with 'spring.config.activate.on-profile' [origin: class path resource [application.yml] - 30:13]
2021-04-04 22:32:14 [INFO ] o.s.b.w.e.tomcat.TomcatWebServer - Tomcat initialized with port(s): 8095 (http)
2021-04-04 22:32:14 [INFO ] o.a.coyote.http11.Http11NioProtocol - Initializing ProtocolHandler ["http-nio-8095"]
2021-04-04 22:32:14 [INFO ] o.a.catalina.core.StandardService - Starting service [Tomcat]
2021-04-04 22:32:14 [INFO ] o.a.catalina.core.StandardEngine - Starting Servlet engine: [Apache Tomcat/9.0.44]
2021-04-04 22:32:15 [INFO ] org.apache.jasper.servlet.TldScanner - At least one JAR was scanned for TLDs yet contained no TLDs. Enable debug logging for this logger for a complete list of JARs that were scanned but no TLDs were found in them. Skipping unneeded JARs during scanning can improve startup time and JSP compilation time.
2021-04-04 22:32:15 [INFO ] o.a.c.c.C.[Tomcat].[localhost].[/] - Initializing Spring embedded WebApplicationContext
2021-04-04 22:32:15 [INFO ] o.s.b.w.s.c.ServletWebServerApplicationContext - Root WebApplicationContext: initialization completed in 318 ms
2021-04-04 22:32:15 [INFO ] o.s.s.c.ThreadPoolTaskExecutor - Initializing ExecutorService 'applicationTaskExecutor'
2021-04-04 22:32:15 [INFO ] o.s.b.d.a.OptionalLiveReloadServer - LiveReload server is running on port 35729
2021-04-04 22:32:15 [INFO ] o.a.coyote.http11.Http11NioProtocol - Starting ProtocolHandler ["http-nio-8095"]
2021-04-04 22:32:15 [INFO ] o.s.b.w.e.tomcat.TomcatWebServer - Tomcat started on port(s): 8095 (http) with context path ''
2021-04-04 22:32:15 [INFO ] com.example.lfcFan.LfcFanApplication - Started LfcFanApplication in 0.486 seconds (JVM running for 312.097)
2021-04-04 22:32:15 [INFO ] o.s.b.d.a.ConditionEvaluationDeltaLoggingListener - Condition evaluation unchanged
2021-04-04 22:32:18 [INFO ] o.s.s.c.ThreadPoolTaskExecutor - Shutting down ExecutorService 'applicationTaskExecutor'
2021-04-04 22:32:18 [INFO ] com.example.lfcFan.LfcFanApplication - Starting LfcFanApplication using Java 14.0.2 on DESKTOP-27DGAKS with PID 912 (C:\work\sts-4.8.0.RELEASE-workspace\lfcFan\target\classes started by pbk11 in C:\work\sts-4.8.0.RELEASE-workspace\lfcFan)
2021-04-04 22:32:18 [INFO ] com.example.lfcFan.LfcFanApplication - The following profiles are active: local
2021-04-04 22:32:18 [WARN ] o.s.b.c.config.ConfigDataEnvironment - Property 'spring.profiles' imported from location 'class path resource [application.yml]' is invalid and should be replaced with 'spring.config.activate.on-profile' [origin: class path resource [application.yml] - 30:13]
2021-04-04 22:32:18 [INFO ] o.s.b.w.e.tomcat.TomcatWebServer - Tomcat initialized with port(s): 8095 (http)
2021-04-04 22:32:18 [INFO ] o.a.coyote.http11.Http11NioProtocol - Initializing ProtocolHandler ["http-nio-8095"]
2021-04-04 22:32:18 [INFO ] o.a.catalina.core.StandardService - Starting service [Tomcat]
2021-04-04 22:32:18 [INFO ] o.a.catalina.core.StandardEngine - Starting Servlet engine: [Apache Tomcat/9.0.44]
2021-04-04 22:32:19 [INFO ] org.apache.jasper.servlet.TldScanner - At least one JAR was scanned for TLDs yet contained no TLDs. Enable debug logging for this logger for a complete list of JARs that were scanned but no TLDs were found in them. Skipping unneeded JARs during scanning can improve startup time and JSP compilation time.
2021-04-04 22:32:19 [INFO ] o.a.c.c.C.[Tomcat].[localhost].[/] - Initializing Spring embedded WebApplicationContext
2021-04-04 22:32:19 [INFO ] o.s.b.w.s.c.ServletWebServerApplicationContext - Root WebApplicationContext: initialization completed in 297 ms
2021-04-04 22:32:19 [INFO ] o.s.s.c.ThreadPoolTaskExecutor - Initializing ExecutorService 'applicationTaskExecutor'
2021-04-04 22:32:19 [INFO ] o.s.b.d.a.OptionalLiveReloadServer - LiveReload server is running on port 35729
2021-04-04 22:32:19 [INFO ] o.a.coyote.http11.Http11NioProtocol - Starting ProtocolHandler ["http-nio-8095"]
2021-04-04 22:32:19 [INFO ] o.s.b.w.e.tomcat.TomcatWebServer - Tomcat started on port(s): 8095 (http) with context path ''
2021-04-04 22:32:19 [INFO ] com.example.lfcFan.LfcFanApplication - Started LfcFanApplication in 0.463 seconds (JVM running for 316.156)
2021-04-04 22:32:19 [INFO ] o.s.b.d.a.ConditionEvaluationDeltaLoggingListener - Condition evaluation unchanged
2021-04-04 22:32:22 [INFO ] o.s.s.c.ThreadPoolTaskExecutor - Shutting down ExecutorService 'applicationTaskExecutor'
2021-04-04 22:32:22 [INFO ] com.example.lfcFan.LfcFanApplication - Starting LfcFanApplication using Java 14.0.2 on DESKTOP-27DGAKS with PID 912 (C:\work\sts-4.8.0.RELEASE-workspace\lfcFan\target\classes started by pbk11 in C:\work\sts-4.8.0.RELEASE-workspace\lfcFan)
2021-04-04 22:32:22 [INFO ] com.example.lfcFan.LfcFanApplication - The following profiles are active: local
2021-04-04 22:32:22 [WARN ] o.s.b.c.config.ConfigDataEnvironment - Property 'spring.profiles' imported from location 'class path resource [application.yml]' is invalid and should be replaced with 'spring.config.activate.on-profile' [origin: class path resource [application.yml] - 30:13]
2021-04-04 22:32:23 [INFO ] o.s.b.w.e.tomcat.TomcatWebServer - Tomcat initialized with port(s): 8095 (http)
2021-04-04 22:32:23 [INFO ] o.a.coyote.http11.Http11NioProtocol - Initializing ProtocolHandler ["http-nio-8095"]
2021-04-04 22:32:23 [INFO ] o.a.catalina.core.StandardService - Starting service [Tomcat]
2021-04-04 22:32:23 [INFO ] o.a.catalina.core.StandardEngine - Starting Servlet engine: [Apache Tomcat/9.0.44]
2021-04-04 22:32:23 [INFO ] org.apache.jasper.servlet.TldScanner - At least one JAR was scanned for TLDs yet contained no TLDs. Enable debug logging for this logger for a complete list of JARs that were scanned but no TLDs were found in them. Skipping unneeded JARs during scanning can improve startup time and JSP compilation time.
2021-04-04 22:32:23 [INFO ] o.a.c.c.C.[Tomcat].[localhost].[/] - Initializing Spring embedded WebApplicationContext
2021-04-04 22:32:23 [INFO ] o.s.b.w.s.c.ServletWebServerApplicationContext - Root WebApplicationContext: initialization completed in 287 ms
2021-04-04 22:32:23 [INFO ] o.s.s.c.ThreadPoolTaskExecutor - Initializing ExecutorService 'applicationTaskExecutor'
2021-04-04 22:32:23 [INFO ] o.s.b.d.a.OptionalLiveReloadServer - LiveReload server is running on port 35729
2021-04-04 22:32:23 [INFO ] o.a.coyote.http11.Http11NioProtocol - Starting ProtocolHandler ["http-nio-8095"]
2021-04-04 22:32:23 [INFO ] o.s.b.w.e.tomcat.TomcatWebServer - Tomcat started on port(s): 8095 (http) with context path ''
2021-04-04 22:32:23 [INFO ] com.example.lfcFan.LfcFanApplication - Started LfcFanApplication in 0.445 seconds (JVM running for 320.185)
2021-04-04 22:32:23 [INFO ] o.s.b.d.a.ConditionEvaluationDeltaLoggingListener - Condition evaluation unchanged
2021-04-04 22:32:25 [INFO ] o.a.c.c.C.[Tomcat].[localhost].[/] - Initializing Spring DispatcherServlet 'dispatcherServlet'
2021-04-04 22:32:25 [INFO ] o.s.web.servlet.DispatcherServlet - Initializing Servlet 'dispatcherServlet'
2021-04-04 22:32:25 [INFO ] o.s.web.servlet.DispatcherServlet - Completed initialization in 0 ms
2021-04-04 22:32:26 [INFO ] o.s.s.c.ThreadPoolTaskExecutor - Shutting down ExecutorService 'applicationTaskExecutor'
2021-04-04 22:32:26 [INFO ] com.example.lfcFan.LfcFanApplication - Starting LfcFanApplication using Java 14.0.2 on DESKTOP-27DGAKS with PID 912 (C:\work\sts-4.8.0.RELEASE-workspace\lfcFan\target\classes started by pbk11 in C:\work\sts-4.8.0.RELEASE-workspace\lfcFan)
2021-04-04 22:32:26 [INFO ] com.example.lfcFan.LfcFanApplication - The following profiles are active: local
2021-04-04 22:32:26 [WARN ] o.s.b.c.config.ConfigDataEnvironment - Property 'spring.profiles' imported from location 'class path resource [application.yml]' is invalid and should be replaced with 'spring.config.activate.on-profile' [origin: class path resource [application.yml] - 30:13]
2021-04-04 22:32:27 [INFO ] o.s.b.w.e.tomcat.TomcatWebServer - Tomcat initialized with port(s): 8095 (http)
2021-04-04 22:32:27 [INFO ] o.a.coyote.http11.Http11NioProtocol - Initializing ProtocolHandler ["http-nio-8095"]
2021-04-04 22:32:27 [INFO ] o.a.catalina.core.StandardService - Starting service [Tomcat]
2021-04-04 22:32:27 [INFO ] o.a.catalina.core.StandardEngine - Starting Servlet engine: [Apache Tomcat/9.0.44]
2021-04-04 22:32:27 [INFO ] org.apache.jasper.servlet.TldScanner - At least one JAR was scanned for TLDs yet contained no TLDs. Enable debug logging for this logger for a complete list of JARs that were scanned but no TLDs were found in them. Skipping unneeded JARs during scanning can improve startup time and JSP compilation time.
2021-04-04 22:32:27 [INFO ] o.a.c.c.C.[Tomcat].[localhost].[/] - Initializing Spring embedded WebApplicationContext
2021-04-04 22:32:27 [INFO ] o.s.b.w.s.c.ServletWebServerApplicationContext - Root WebApplicationContext: initialization completed in 269 ms
2021-04-04 22:32:27 [INFO ] o.s.s.c.ThreadPoolTaskExecutor - Initializing ExecutorService 'applicationTaskExecutor'
2021-04-04 22:32:27 [INFO ] o.s.b.d.a.OptionalLiveReloadServer - LiveReload server is running on port 35729
2021-04-04 22:32:27 [INFO ] o.a.coyote.http11.Http11NioProtocol - Starting ProtocolHandler ["http-nio-8095"]
2021-04-04 22:32:27 [INFO ] o.s.b.w.e.tomcat.TomcatWebServer - Tomcat started on port(s): 8095 (http) with context path ''
2021-04-04 22:32:27 [INFO ] com.example.lfcFan.LfcFanApplication - Started LfcFanApplication in 0.427 seconds (JVM running for 324.217)
2021-04-04 22:32:27 [INFO ] o.s.b.d.a.ConditionEvaluationDeltaLoggingListener - Condition evaluation unchanged
2021-04-04 22:32:27 [INFO ] o.a.c.c.C.[Tomcat].[localhost].[/] - Initializing Spring DispatcherServlet 'dispatcherServlet'
2021-04-04 22:32:27 [INFO ] o.s.web.servlet.DispatcherServlet - Initializing Servlet 'dispatcherServlet'
2021-04-04 22:32:27 [INFO ] o.s.web.servlet.DispatcherServlet - Completed initialization in 1 ms
