2021-04-03 22:05:31 [INFO ] com.example.lfcFan.LfcFanApplication - Starting LfcFanApplication using Java 14.0.2 on DESKTOP-27DGAKS with PID 15976 (C:\work\sts-4.8.0.RELEASE-workspace\lfcFan\target\classes started by pbk11 in C:\work\sts-4.8.0.RELEASE-workspace\lfcFan)
2021-04-03 22:05:31 [INFO ] com.example.lfcFan.LfcFanApplication - The following profiles are active: local
2021-04-03 22:05:31 [WARN ] o.s.b.c.config.ConfigDataEnvironment - Property 'spring.profiles' imported from location 'class path resource [application.yml]' is invalid and should be replaced with 'spring.config.activate.on-profile' [origin: class path resource [application.yml] - 30:13]
2021-04-03 22:05:31 [INFO ] o.s.b.d.e.DevToolsPropertyDefaultsPostProcessor - Devtools property defaults active! Set 'spring.devtools.add-properties' to 'false' to disable
2021-04-03 22:05:31 [INFO ] o.s.b.d.e.DevToolsPropertyDefaultsPostProcessor - For additional web related logging consider setting the 'logging.level.web' property to 'DEBUG'
2021-04-03 22:05:32 [INFO ] o.s.b.w.e.tomcat.TomcatWebServer - Tomcat initialized with port(s): 8095 (http)
2021-04-03 22:05:32 [INFO ] o.a.coyote.http11.Http11NioProtocol - Initializing ProtocolHandler ["http-nio-8095"]
2021-04-03 22:05:32 [INFO ] o.a.catalina.core.StandardService - Starting service [Tomcat]
2021-04-03 22:05:32 [INFO ] o.a.catalina.core.StandardEngine - Starting Servlet engine: [Apache Tomcat/9.0.44]
2021-04-03 22:05:32 [INFO ] org.apache.jasper.servlet.TldScanner - At least one JAR was scanned for TLDs yet contained no TLDs. Enable debug logging for this logger for a complete list of JARs that were scanned but no TLDs were found in them. Skipping unneeded JARs during scanning can improve startup time and JSP compilation time.
2021-04-03 22:05:32 [INFO ] o.a.c.c.C.[Tomcat].[localhost].[/] - Initializing Spring embedded WebApplicationContext
2021-04-03 22:05:32 [INFO ] o.s.b.w.s.c.ServletWebServerApplicationContext - Root WebApplicationContext: initialization completed in 1472 ms
2021-04-03 22:05:33 [INFO ] o.s.s.c.ThreadPoolTaskExecutor - Initializing ExecutorService 'applicationTaskExecutor'
2021-04-03 22:05:33 [INFO ] o.s.b.d.a.OptionalLiveReloadServer - LiveReload server is running on port 35729
2021-04-03 22:05:33 [INFO ] o.a.coyote.http11.Http11NioProtocol - Starting ProtocolHandler ["http-nio-8095"]
2021-04-03 22:05:33 [INFO ] o.s.b.w.e.tomcat.TomcatWebServer - Tomcat started on port(s): 8095 (http) with context path ''
2021-04-03 22:05:33 [INFO ] com.example.lfcFan.LfcFanApplication - Started LfcFanApplication in 2.818 seconds (JVM running for 4.003)
2021-04-03 22:05:34 [INFO ] o.a.c.c.C.[Tomcat].[localhost].[/] - Initializing Spring DispatcherServlet 'dispatcherServlet'
2021-04-03 22:05:34 [INFO ] o.s.web.servlet.DispatcherServlet - Initializing Servlet 'dispatcherServlet'
2021-04-03 22:05:34 [INFO ] o.s.web.servlet.DispatcherServlet - Completed initialization in 1 ms
2021-04-03 22:22:15 [INFO ] o.s.s.c.ThreadPoolTaskExecutor - Shutting down ExecutorService 'applicationTaskExecutor'
2021-04-03 22:22:15 [INFO ] com.example.lfcFan.LfcFanApplication - Starting LfcFanApplication using Java 14.0.2 on DESKTOP-27DGAKS with PID 15976 (C:\work\sts-4.8.0.RELEASE-workspace\lfcFan\target\classes started by pbk11 in C:\work\sts-4.8.0.RELEASE-workspace\lfcFan)
2021-04-03 22:22:15 [INFO ] com.example.lfcFan.LfcFanApplication - The following profiles are active: local
2021-04-03 22:22:15 [WARN ] o.s.b.c.config.ConfigDataEnvironment - Property 'spring.profiles' imported from location 'class path resource [application.yml]' is invalid and should be replaced with 'spring.config.activate.on-profile' [origin: class path resource [application.yml] - 30:13]
2021-04-03 22:22:15 [INFO ] o.s.b.w.e.tomcat.TomcatWebServer - Tomcat initialized with port(s): 8095 (http)
2021-04-03 22:22:15 [INFO ] o.a.coyote.http11.Http11NioProtocol - Initializing ProtocolHandler ["http-nio-8095"]
2021-04-03 22:22:15 [INFO ] o.a.catalina.core.StandardService - Starting service [Tomcat]
2021-04-03 22:22:15 [INFO ] o.a.catalina.core.StandardEngine - Starting Servlet engine: [Apache Tomcat/9.0.44]
2021-04-03 22:22:16 [INFO ] org.apache.jasper.servlet.TldScanner - At least one JAR was scanned for TLDs yet contained no TLDs. Enable debug logging for this logger for a complete list of JARs that were scanned but no TLDs were found in them. Skipping unneeded JARs during scanning can improve startup time and JSP compilation time.
2021-04-03 22:22:16 [INFO ] o.a.c.c.C.[Tomcat].[localhost].[/] - Initializing Spring embedded WebApplicationContext
2021-04-03 22:22:16 [INFO ] o.s.b.w.s.c.ServletWebServerApplicationContext - Root WebApplicationContext: initialization completed in 492 ms
2021-04-03 22:22:16 [INFO ] o.s.s.c.ThreadPoolTaskExecutor - Initializing ExecutorService 'applicationTaskExecutor'
2021-04-03 22:22:16 [INFO ] o.s.b.d.a.OptionalLiveReloadServer - LiveReload server is running on port 35729
2021-04-03 22:22:16 [INFO ] o.a.coyote.http11.Http11NioProtocol - Starting ProtocolHandler ["http-nio-8095"]
2021-04-03 22:22:16 [INFO ] o.s.b.w.e.tomcat.TomcatWebServer - Tomcat started on port(s): 8095 (http) with context path ''
2021-04-03 22:22:16 [INFO ] com.example.lfcFan.LfcFanApplication - Started LfcFanApplication in 0.718 seconds (JVM running for 1006.793)
2021-04-03 22:22:16 [INFO ] o.s.b.d.a.ConditionEvaluationDeltaLoggingListener - Condition evaluation unchanged
2021-04-03 22:27:31 [INFO ] o.a.c.c.C.[Tomcat].[localhost].[/] - Initializing Spring DispatcherServlet 'dispatcherServlet'
2021-04-03 22:27:31 [INFO ] o.s.web.servlet.DispatcherServlet - Initializing Servlet 'dispatcherServlet'
2021-04-03 22:27:31 [INFO ] o.s.web.servlet.DispatcherServlet - Completed initialization in 0 ms
2021-04-03 22:31:45 [INFO ] o.s.b.a.SpringApplicationAdminMXBeanRegistrar$SpringApplicationAdmin - Application shutdown requested.
2021-04-03 22:31:45 [INFO ] o.s.s.c.ThreadPoolTaskExecutor - Shutting down ExecutorService 'applicationTaskExecutor'
